<?xml version="1.0" encoding="UTF-8"?>
<testsuite xmlns:xsi="http://www.w3.org/2001/XMLSchema-instance" xsi:noNamespaceSchemaLocation="https://maven.apache.org/surefire/maven-surefire-plugin/xsd/surefire-test-report.xsd" name="com.bibekdhungana.AppTest" time="0.034" tests="1" errors="0" skipped="0" failures="0">
  <properties>
    <property name="java.specification.version" value="19"/>
    <property name="sun.jnu.encoding" value="UTF-8"/>
    <property name="java.class.path" value="/Users/bibekdhungana/Programming/Java/technohunk-night-batch/maven-quickstart/target/test-classes:/Users/bibekdhungana/Programming/Java/technohunk-night-batch/maven-quickstart/target/classes:/Users/bibekdhungana/.m2/repository/junit/junit/4.11/junit-4.11.jar:/Users/bibekdhungana/.m2/repository/org/hamcrest/hamcrest-core/1.3/hamcrest-core-1.3.jar:/Users/bibekdhungana/.m2/repository/org/projectlombok/lombok/1.18.26/lombok-1.18.26.jar:/Users/bibekdhungana/.m2/repository/org/springframework/spring-core/5.3.21/spring-core-5.3.21.jar:/Users/bibekdhungana/.m2/repository/org/springframework/spring-jcl/5.3.21/spring-jcl-5.3.21.jar:/Users/bibekdhungana/.m2/repository/org/springframework/spring-context/5.3.21/spring-context-5.3.21.jar:/Users/bibekdhungana/.m2/repository/org/springframework/spring-aop/5.3.21/spring-aop-5.3.21.jar:/Users/bibekdhungana/.m2/repository/org/springframework/spring-beans/5.3.21/spring-beans-5.3.21.jar:/Users/bibekdhungana/.m2/repository/org/springframework/spring-expression/5.3.21/spring-expression-5.3.21.jar:"/>
    <property name="java.vm.vendor" value="Oracle Corporation"/>
    <property name="sun.arch.data.model" value="64"/>
    <property name="java.vendor.url" value="https://java.oracle.com/"/>
    <property name="os.name" value="Mac OS X"/>
    <property name="java.vm.specification.version" value="19"/>
    <property name="sun.java.launcher" value="SUN_STANDARD"/>
    <property name="user.country" value="US"/>
    <property name="sun.boot.library.path" value="/Library/Java/JavaVirtualMachines/jdk-19.jdk/Contents/Home/lib"/>
    <property name="sun.java.command" value="/Users/bibekdhungana/Programming/Java/technohunk-night-batch/maven-quickstart/target/surefire/surefirebooter7630632550209927733.jar /Users/bibekdhungana/Programming/Java/technohunk-night-batch/maven-quickstart/target/surefire 2023-03-22T18-57-41_659-jvmRun1 surefire7294526849103425536tmp surefire_08936502586166625820tmp"/>
    <property name="http.nonProxyHosts" value="local|*.local|169.254/16|*.169.254/16"/>
    <property name="jdk.debug" value="release"/>
    <property name="surefire.test.class.path" value="/Users/bibekdhungana/Programming/Java/technohunk-night-batch/maven-quickstart/target/test-classes:/Users/bibekdhungana/Programming/Java/technohunk-night-batch/maven-quickstart/target/classes:/Users/bibekdhungana/.m2/repository/junit/junit/4.11/junit-4.11.jar:/Users/bibekdhungana/.m2/repository/org/hamcrest/hamcrest-core/1.3/hamcrest-core-1.3.jar:/Users/bibekdhungana/.m2/repository/org/projectlombok/lombok/1.18.26/lombok-1.18.26.jar:/Users/bibekdhungana/.m2/repository/org/springframework/spring-core/5.3.21/spring-core-5.3.21.jar:/Users/bibekdhungana/.m2/repository/org/springframework/spring-jcl/5.3.21/spring-jcl-5.3.21.jar:/Users/bibekdhungana/.m2/repository/org/springframework/spring-context/5.3.21/spring-context-5.3.21.jar:/Users/bibekdhungana/.m2/repository/org/springframework/spring-aop/5.3.21/spring-aop-5.3.21.jar:/Users/bibekdhungana/.m2/repository/org/springframework/spring-beans/5.3.21/spring-beans-5.3.21.jar:/Users/bibekdhungana/.m2/repository/org/springframework/spring-expression/5.3.21/spring-expression-5.3.21.jar:"/>
    <property name="sun.cpu.endian" value="little"/>
    <property name="user.home" value="/Users/bibekdhungana"/>
    <property name="user.language" value="en"/>
    <property name="java.specification.vendor" value="Oracle Corporation"/>
    <property name="java.version.date" value="2022-10-18"/>
    <property name="java.home" value="/Library/Java/JavaVirtualMachines/jdk-19.jdk/Contents/Home"/>
    <property name="file.separator" value="/"/>
    <property name="basedir" value="/Users/bibekdhungana/Programming/Java/technohunk-night-batch/maven-quickstart"/>
    <property name="java.vm.compressedOopsMode" value="Zero based"/>
    <property name="line.separator" value="&#10;"/>
    <property name="java.vm.specification.vendor" value="Oracle Corporation"/>
    <property name="java.specification.name" value="Java Platform API Specification"/>
    <property name="apple.awt.application.name" value="ForkedBooter"/>
    <property name="surefire.real.class.path" value="/Users/bibekdhungana/Programming/Java/technohunk-night-batch/maven-quickstart/target/surefire/surefirebooter7630632550209927733.jar"/>
    <property name="sun.management.compiler" value="HotSpot 64-Bit Tiered Compilers"/>
    <property name="ftp.nonProxyHosts" value="local|*.local|169.254/16|*.169.254/16"/>
    <property name="java.runtime.version" value="19.0.1+10-21"/>
    <property name="user.name" value="bibekdhungana"/>
    <property name="stdout.encoding" value="UTF-8"/>
    <property name="path.separator" value=":"/>
    <property name="os.version" value="13.2.1"/>
    <property name="java.runtime.name" value="Java(TM) SE Runtime Environment"/>
    <property name="file.encoding" value="UTF-8"/>
    <property name="java.vm.name" value="Java HotSpot(TM) 64-Bit Server VM"/>
    <property name="localRepository" value="/Users/bibekdhungana/.m2/repository"/>
    <property name="java.vendor.url.bug" value="https://bugreport.java.com/bugreport/"/>
    <property name="java.io.tmpdir" value="/var/folders/cs/8gzx6w251nz_v0zbs6nsxhdm0000gn/T/"/>
    <property name="java.version" value="19.0.1"/>
    <property name="user.dir" value="/Users/bibekdhungana/Programming/Java/technohunk-night-batch/maven-quickstart"/>
    <property name="os.arch" value="x86_64"/>
    <property name="java.vm.specification.name" value="Java Virtual Machine Specification"/>
    <property name="native.encoding" value="UTF-8"/>
    <property name="java.library.path" value="/Users/bibekdhungana/Library/Java/Extensions:/Library/Java/Extensions:/Network/Library/Java/Extensions:/System/Library/Java/Extensions:/usr/lib/java:."/>
    <property name="java.vm.info" value="mixed mode, sharing"/>
    <property name="stderr.encoding" value="UTF-8"/>
    <property name="java.vendor" value="Oracle Corporation"/>
    <property name="java.vm.version" value="19.0.1+10-21"/>
    <property name="sun.io.unicode.encoding" value="UnicodeBig"/>
    <property name="socksNonProxyHosts" value="local|*.local|169.254/16|*.169.254/16"/>
    <property name="java.class.version" value="63.0"/>
  </properties>
  <testcase name="shouldAnswerWithTrue" classname="com.bibekdhungana.AppTest" time="0.004"/>
</testsuite>